App android Chat/Chatting/app/build/intermediates/manifest_merge_blame_file/debug/manifest-merger-blame-debug-report.txt
1<?xml version="1.0" encoding="utf-8"?>
2<manifest xmlns:android="http://schemas.android.com/apk/res/android"
3    package="com.example.datvtd.chatting"
4    android:versionCode="1"
5    android:versionName="1.0" >
6
7    <uses-sdk
8        android:minSdkVersion="23"
8-->src\main\AndroidManifest.xml
9        android:targetSdkVersion="28" />
9-->src\main\AndroidManifest.xml
10
11    <uses-permission android:name="android.permission.INTERNET" />
11-->src\main\AndroidManifest.xml:5:5-67
11-->src\main\AndroidManifest.xml:5:22-64
12    <uses-permission android:name="android.permission.RECEIVE_BOOT_COMPLETED" />
12-->src\main\AndroidManifest.xml:6:5-81
12-->src\main\AndroidManifest.xml:6:22-78
13    <uses-permission android:name="android.permission.WRITE_EXTERNAL_STORAGE" />
13-->src\main\AndroidManifest.xml:7:5-81
13-->src\main\AndroidManifest.xml:7:22-78
14    <uses-permission android:name="android.permission.READ_EXTERNAL_STORAGE" />
14-->src\main\AndroidManifest.xml:8:5-80
14-->src\main\AndroidManifest.xml:8:22-77
15    <uses-permission android:name="android.permission.INTERNET" />
15-->src\main\AndroidManifest.xml:5:5-67
15-->src\main\AndroidManifest.xml:5:22-64
16    <uses-permission android:name="android.permission.ACCESS_NETWORK_STATE" />
16-->src\main\AndroidManifest.xml:10:5-79
16-->src\main\AndroidManifest.xml:10:22-76
17    <uses-permission android:name="android.permission.RECORD_AUDIO" />
17-->src\main\AndroidManifest.xml:11:5-71
17-->src\main\AndroidManifest.xml:11:22-68
18    <uses-permission android:name="android.permission.READ_PHONE_STATE" />
18-->src\main\AndroidManifest.xml:12:5-75
18-->src\main\AndroidManifest.xml:12:22-72
19    <uses-permission android:name="android.permission.MODIFY_AUDIO_SETTINGS" />
19-->src\main\AndroidManifest.xml:13:5-80
19-->src\main\AndroidManifest.xml:13:22-77
20    <uses-permission android:name="android.permission.WAKE_LOCK" />
20-->[com.google.firebase:firebase-measurement-connector-impl:16.0.1] AndroidManifest.xml:24:5-68
20-->[com.google.firebase:firebase-measurement-connector-impl:16.0.1] AndroidManifest.xml:24:22-65
21    <uses-permission android:name="com.google.android.finsky.permission.BIND_GET_INSTALL_REFERRER_SERVICE" /> <!-- Required by older versions of Google Play services to create IID tokens -->
21-->[com.google.firebase:firebase-analytics:16.0.1] AndroidManifest.xml:26:5-110
21-->[com.google.firebase:firebase-analytics:16.0.1] AndroidManifest.xml:26:22-107
22    <uses-permission android:name="com.google.android.c2dm.permission.RECEIVE" />
22-->[com.google.firebase:firebase-iid:17.0.1] AndroidManifest.xml:26:5-82
22-->[com.google.firebase:firebase-iid:17.0.1] AndroidManifest.xml:26:22-79
23
24    <application
24-->src\main\AndroidManifest.xml:15:5-90:19
25        android:allowBackup="true"
25-->src\main\AndroidManifest.xml:16:9-35
26        android:appComponentFactory="android.support.v4.app.CoreComponentFactory"
26-->[com.android.support:support-compat:28.0.0] AndroidManifest.xml:22:18-91
27        android:debuggable="true"
28        android:icon="@mipmap/ic_launcher"
28-->src\main\AndroidManifest.xml:17:9-43
29        android:label="Chat"
29-->src\main\AndroidManifest.xml:18:9-29
30        android:roundIcon="@mipmap/ic_launcher_round"
30-->src\main\AndroidManifest.xml:19:9-54
31        android:supportsRtl="true"
31-->src\main\AndroidManifest.xml:20:9-35
32        android:theme="@style/AppTheme" >
32-->src\main\AndroidManifest.xml:21:9-40
33        <activity android:name="com.example.datvtd.chatting.InfoGroupActivity" />
33-->src\main\AndroidManifest.xml:22:9-55
33-->src\main\AndroidManifest.xml:22:19-52
34        <activity android:name="com.example.datvtd.chatting.LoginActivity" >
34-->src\main\AndroidManifest.xml:23:9-29:20
34-->src\main\AndroidManifest.xml:23:19-48
35            <intent-filter>
35-->src\main\AndroidManifest.xml:24:13-28:29
36                <action android:name="android.intent.action.MAIN" />
36-->src\main\AndroidManifest.xml:25:17-69
36-->src\main\AndroidManifest.xml:25:25-66
37
38                <category android:name="android.intent.category.LAUNCHER" />
38-->src\main\AndroidManifest.xml:27:17-77
38-->src\main\AndroidManifest.xml:27:27-74
39            </intent-filter>
40        </activity>
41        <activity android:name="com.example.datvtd.chatting.StartActivity" />
41-->src\main\AndroidManifest.xml:30:9-51
41-->src\main\AndroidManifest.xml:30:19-48
42        <activity android:name="com.example.datvtd.chatting.MainActivity" />
42-->src\main\AndroidManifest.xml:31:9-50
42-->src\main\AndroidManifest.xml:31:19-47
43        <activity android:name="com.example.datvtd.chatting.RegisterActivity" />
43-->src\main\AndroidManifest.xml:32:9-54
43-->src\main\AndroidManifest.xml:32:19-51
44        <activity
44-->src\main\AndroidManifest.xml:33:9-35:58
45            android:name="com.example.datvtd.chatting.MessageActivity"
45-->src\main\AndroidManifest.xml:34:13-44
46            android:parentActivityName="com.example.datvtd.chatting.MainActivity" />
46-->src\main\AndroidManifest.xml:35:13-55
47        <activity
47-->src\main\AndroidManifest.xml:36:9-38:59
48            android:name="com.example.datvtd.chatting.ResetPassActivity"
48-->src\main\AndroidManifest.xml:37:13-46
49            android:parentActivityName="com.example.datvtd.chatting.LoginActivity" />
49-->src\main\AndroidManifest.xml:38:13-56
50        <activity android:name="com.example.datvtd.chatting.Adapter.ChatImageActivity" />
50-->src\main\AndroidManifest.xml:39:9-63
50-->src\main\AndroidManifest.xml:39:19-60
51        <activity android:name="com.example.datvtd.chatting.ProfileActivity" />
51-->src\main\AndroidManifest.xml:40:9-53
51-->src\main\AndroidManifest.xml:40:19-50
52        <activity
52-->src\main\AndroidManifest.xml:41:9-43:53
53            android:name="com.example.datvtd.chatting.UserGroupActivity"
53-->src\main\AndroidManifest.xml:42:13-46
54            android:theme="@style/Theme.MyDialog" />
54-->src\main\AndroidManifest.xml:43:13-50
55        <activity
55-->src\main\AndroidManifest.xml:44:9-46:53
56            android:name="com.example.datvtd.chatting.DialogConfirmActivity"
56-->src\main\AndroidManifest.xml:45:13-50
57            android:theme="@style/Theme.MyDialog" />
57-->src\main\AndroidManifest.xml:46:13-50
58        <activity
58-->src\main\AndroidManifest.xml:47:9-49:62
59            android:name="com.example.datvtd.chatting.DialogColorActivity"
59-->src\main\AndroidManifest.xml:48:13-48
60            android:theme="@style/Theme.MyDialog" />
60-->src\main\AndroidManifest.xml:49:13-50
61
62        <service
62-->src\main\AndroidManifest.xml:51:9-58:19
63            android:name="com.example.datvtd.chatting.Notifications.MyFirebaseService"
63-->src\main\AndroidManifest.xml:52:13-60
64            android:enabled="true"
64-->src\main\AndroidManifest.xml:53:13-35
65            android:exported="true" >
65-->src\main\AndroidManifest.xml:54:13-36
66            <intent-filter>
66-->src\main\AndroidManifest.xml:55:13-57:29
67                <action android:name="com.google.firebase.INSTANCE_ID_EVENT" />
67-->src\main\AndroidManifest.xml:56:17-80
67-->src\main\AndroidManifest.xml:56:25-77
68            </intent-filter>
69        </service>
70        <service
70-->src\main\AndroidManifest.xml:59:9-66:19
71            android:name="com.example.datvtd.chatting.Notifications.MyFirebaseMessaging"
71-->src\main\AndroidManifest.xml:60:13-62
72            android:enabled="true"
72-->src\main\AndroidManifest.xml:61:13-35
73            android:exported="true" >
73-->src\main\AndroidManifest.xml:62:13-36
74            <intent-filter>
74-->src\main\AndroidManifest.xml:63:13-65:29
75                <action android:name="com.google.firebase.MESSAGING_EVENT" />
75-->src\main\AndroidManifest.xml:64:17-78
75-->src\main\AndroidManifest.xml:64:25-75
76            </intent-filter>
77        </service>
78
79        <receiver android:name="com.example.datvtd.chatting.Notifications.ActionCall" />
79-->src\main\AndroidManifest.xml:67:9-62
79-->src\main\AndroidManifest.xml:67:19-59
80
81        <meta-data
81-->src\main\AndroidManifest.xml:69:9-71:55
82            android:name="com.facebook.sdk.ApplicationId"
82-->src\main\AndroidManifest.xml:70:13-58
83            android:value="@string/facebook_app_id" />
83-->src\main\AndroidManifest.xml:71:13-52
84
85        <activity
85-->src\main\AndroidManifest.xml:73:9-76:48
86            android:name="com.facebook.FacebookActivity"
86-->src\main\AndroidManifest.xml:74:13-57
87            android:configChanges="keyboard|keyboardHidden|screenLayout|screenSize|orientation"
87-->src\main\AndroidManifest.xml:75:13-96
88            android:label="@string/app_name"
88-->src\main\AndroidManifest.xml:76:13-45
89            android:theme="@style/com_facebook_activity_theme" />
89-->[com.facebook.android:facebook-common:4.42.0] AndroidManifest.xml:32:13-63
90        <activity
90-->src\main\AndroidManifest.xml:77:9-88:20
91            android:name="com.facebook.CustomTabActivity"
91-->src\main\AndroidManifest.xml:78:13-58
92            android:exported="true" >
92-->src\main\AndroidManifest.xml:79:13-36
93            <intent-filter>
93-->src\main\AndroidManifest.xml:80:13-87:29
94                <action android:name="android.intent.action.VIEW" />
94-->src\main\AndroidManifest.xml:81:17-69
94-->src\main\AndroidManifest.xml:81:25-66
95
96                <category android:name="android.intent.category.DEFAULT" />
96-->src\main\AndroidManifest.xml:83:17-76
96-->src\main\AndroidManifest.xml:83:27-73
97                <category android:name="android.intent.category.BROWSABLE" />
97-->src\main\AndroidManifest.xml:84:17-78
97-->src\main\AndroidManifest.xml:84:27-75
98
99                <data android:scheme="@string/fb_login_protocol_scheme" />
99-->src\main\AndroidManifest.xml:86:17-75
99-->src\main\AndroidManifest.xml:86:23-72
100            </intent-filter>
101        </activity>
102        <activity android:name="com.example.datvtd.chatting.CallActivity" />
102-->src\main\AndroidManifest.xml:89:9-59
102-->src\main\AndroidManifest.xml:89:19-47
103        <activity android:name="com.facebook.CustomTabMainActivity" />
103-->[com.facebook.android:facebook-common:4.42.0] AndroidManifest.xml:33:9-71
103-->[com.facebook.android:facebook-common:4.42.0] AndroidManifest.xml:33:19-68
104        <activity
104-->[com.google.firebase:firebase-auth:16.0.2] AndroidManifest.xml:23:9-29:75
105            android:name="com.google.firebase.auth.internal.FederatedSignInActivity"
105-->[com.google.firebase:firebase-auth:16.0.2] AndroidManifest.xml:24:13-85
106            android:excludeFromRecents="true"
106-->[com.google.firebase:firebase-auth:16.0.2] AndroidManifest.xml:25:13-46
107            android:exported="true"
107-->[com.google.firebase:firebase-auth:16.0.2] AndroidManifest.xml:26:13-36
108            android:launchMode="singleInstance"
108-->[com.google.firebase:firebase-auth:16.0.2] AndroidManifest.xml:27:13-48
109            android:permission="com.google.firebase.auth.api.gms.permission.LAUNCH_FEDERATED_SIGN_IN"
109-->[com.google.firebase:firebase-auth:16.0.2] AndroidManifest.xml:28:13-102
110            android:theme="@android:style/Theme.Translucent.NoTitleBar" />
110-->[com.google.firebase:firebase-auth:16.0.2] AndroidManifest.xml:29:13-72
111
112        <service
112-->[com.google.firebase:firebase-auth:16.0.2] AndroidManifest.xml:31:9-35:19
113            android:name="com.google.firebase.components.ComponentDiscoveryService"
113-->[com.google.firebase:firebase-auth:16.0.2] AndroidManifest.xml:31:18-89
114            android:exported="false" >
114-->[com.google.firebase:firebase-iid:17.0.1] AndroidManifest.xml:31:13-37
115            <meta-data
115-->[com.google.firebase:firebase-auth:16.0.2] AndroidManifest.xml:32:13-34:85
116                android:name="com.google.firebase.components:com.google.firebase.auth.FirebaseAuthRegistrar"
116-->[com.google.firebase:firebase-auth:16.0.2] AndroidManifest.xml:33:17-109
117                android:value="com.google.firebase.components.ComponentRegistrar" />
117-->[com.google.firebase:firebase-auth:16.0.2] AndroidManifest.xml:34:17-82
118            <meta-data
118-->[com.google.firebase:firebase-measurement-connector-impl:16.0.1] AndroidManifest.xml:28:13-30:85
119                android:name="com.google.firebase.components:com.google.firebase.analytics.connector.internal.AnalyticsConnectorRegistrar"
119-->[com.google.firebase:firebase-measurement-connector-impl:16.0.1] AndroidManifest.xml:29:17-139
120                android:value="com.google.firebase.components.ComponentRegistrar" />
120-->[com.google.firebase:firebase-measurement-connector-impl:16.0.1] AndroidManifest.xml:30:17-82
121            <meta-data
121-->[com.google.firebase:firebase-iid:17.0.1] AndroidManifest.xml:32:13-34:85
122                android:name="com.google.firebase.components:com.google.firebase.iid.Registrar"
122-->[com.google.firebase:firebase-iid:17.0.1] AndroidManifest.xml:33:17-96
123                android:value="com.google.firebase.components.ComponentRegistrar" />
123-->[com.google.firebase:firebase-iid:17.0.1] AndroidManifest.xml:34:17-82
124        </service>
125        <!--
126             FirebaseMessagingService performs security checks at runtime,
127             no need for explicit permissions despite exported="true"
128        -->
129        <service
129-->[com.google.firebase:firebase-messaging:17.3.1] AndroidManifest.xml:28:9-34:19
130            android:name="com.google.firebase.messaging.FirebaseMessagingService"
130-->[com.google.firebase:firebase-messaging:17.3.1] AndroidManifest.xml:29:13-82
131            android:exported="true" >
131-->[com.google.firebase:firebase-messaging:17.3.1] AndroidManifest.xml:30:13-36
132            <intent-filter android:priority="-500" >
132-->src\main\AndroidManifest.xml:63:13-65:29
133                <action android:name="com.google.firebase.MESSAGING_EVENT" />
133-->src\main\AndroidManifest.xml:64:17-78
133-->src\main\AndroidManifest.xml:64:25-75
134            </intent-filter>
135        </service>
136
137        <receiver
137-->[com.google.firebase:firebase-analytics:16.0.1] AndroidManifest.xml:29:9-33:20
138            android:name="com.google.android.gms.measurement.AppMeasurementReceiver"
138-->[com.google.firebase:firebase-analytics:16.0.1] AndroidManifest.xml:30:13-85
139            android:enabled="true"
139-->[com.google.firebase:firebase-analytics:16.0.1] AndroidManifest.xml:31:13-35
140            android:exported="false" >
140-->[com.google.firebase:firebase-analytics:16.0.1] AndroidManifest.xml:32:13-37
141        </receiver>
142        <receiver
142-->[com.google.firebase:firebase-analytics:16.0.1] AndroidManifest.xml:34:9-42:20
143            android:name="com.google.android.gms.measurement.AppMeasurementInstallReferrerReceiver"
143-->[com.google.firebase:firebase-analytics:16.0.1] AndroidManifest.xml:35:13-100
144            android:enabled="true"
144-->[com.google.firebase:firebase-analytics:16.0.1] AndroidManifest.xml:36:13-35
145            android:exported="true"
145-->[com.google.firebase:firebase-analytics:16.0.1] AndroidManifest.xml:37:13-36
146            android:permission="android.permission.INSTALL_PACKAGES" >
146-->[com.google.firebase:firebase-analytics:16.0.1] AndroidManifest.xml:38:13-69
147            <intent-filter>
147-->[com.google.firebase:firebase-analytics:16.0.1] AndroidManifest.xml:39:13-41:29
148                <action android:name="com.android.vending.INSTALL_REFERRER" />
148-->[com.google.firebase:firebase-analytics:16.0.1] AndroidManifest.xml:40:17-79
148-->[com.google.firebase:firebase-analytics:16.0.1] AndroidManifest.xml:40:25-76
149            </intent-filter>
150        </receiver>
151
152        <service
152-->[com.google.firebase:firebase-analytics:16.0.1] AndroidManifest.xml:44:9-47:40
153            android:name="com.google.android.gms.measurement.AppMeasurementService"
153-->[com.google.firebase:firebase-analytics:16.0.1] AndroidManifest.xml:45:13-84
154            android:enabled="true"
154-->[com.google.firebase:firebase-analytics:16.0.1] AndroidManifest.xml:46:13-35
155            android:exported="false" />
155-->[com.google.firebase:firebase-analytics:16.0.1] AndroidManifest.xml:47:13-37
156        <service
156-->[com.google.firebase:firebase-analytics:16.0.1] AndroidManifest.xml:48:9-52:72
157            android:name="com.google.android.gms.measurement.AppMeasurementJobService"
157-->[com.google.firebase:firebase-analytics:16.0.1] AndroidManifest.xml:49:13-87
158            android:enabled="true"
158-->[com.google.firebase:firebase-analytics:16.0.1] AndroidManifest.xml:50:13-35
159            android:exported="false"
159-->[com.google.firebase:firebase-analytics:16.0.1] AndroidManifest.xml:51:13-37
160            android:permission="android.permission.BIND_JOB_SERVICE" />
160-->[com.google.firebase:firebase-analytics:16.0.1] AndroidManifest.xml:52:13-69
161
162        <receiver
162-->[com.google.firebase:firebase-iid:17.0.1] AndroidManifest.xml:37:9-44:20
163            android:name="com.google.firebase.iid.FirebaseInstanceIdReceiver"
163-->[com.google.firebase:firebase-iid:17.0.1] AndroidManifest.xml:38:13-78
164            android:exported="true"
164-->[com.google.firebase:firebase-iid:17.0.1] AndroidManifest.xml:39:13-36
165            android:permission="com.google.android.c2dm.permission.SEND" >
165-->[com.google.firebase:firebase-iid:17.0.1] AndroidManifest.xml:40:13-73
166            <intent-filter>
166-->[com.google.firebase:firebase-iid:17.0.1] AndroidManifest.xml:41:13-43:29
167                <action android:name="com.google.android.c2dm.intent.RECEIVE" />
167-->[com.google.firebase:firebase-iid:17.0.1] AndroidManifest.xml:42:17-81
167-->[com.google.firebase:firebase-iid:17.0.1] AndroidManifest.xml:42:25-78
168            </intent-filter>
169        </receiver>
170        <!--
171             FirebaseInstanceIdService performs security checks at runtime,
172             no need for explicit permissions despite exported="true"
173        -->
174        <service
174-->[com.google.firebase:firebase-iid:17.0.1] AndroidManifest.xml:50:9-56:19
175            android:name="com.google.firebase.iid.FirebaseInstanceIdService"
175-->[com.google.firebase:firebase-iid:17.0.1] AndroidManifest.xml:51:13-77
176            android:exported="true" >
176-->[com.google.firebase:firebase-iid:17.0.1] AndroidManifest.xml:52:13-36
177            <intent-filter android:priority="-500" >
177-->src\main\AndroidManifest.xml:55:13-57:29
178                <action android:name="com.google.firebase.INSTANCE_ID_EVENT" />
178-->src\main\AndroidManifest.xml:56:17-80
178-->src\main\AndroidManifest.xml:56:25-77
179            </intent-filter>
180        </service>
181
182        <activity
182-->[com.google.android.gms:play-services-base:15.0.1] AndroidManifest.xml:23:9-26:75
183            android:name="com.google.android.gms.common.api.GoogleApiActivity"
183-->[com.google.android.gms:play-services-base:15.0.1] AndroidManifest.xml:24:13-79
184            android:exported="false"
184-->[com.google.android.gms:play-services-base:15.0.1] AndroidManifest.xml:25:13-37
185            android:theme="@android:style/Theme.Translucent.NoTitleBar" />
185-->[com.google.android.gms:play-services-base:15.0.1] AndroidManifest.xml:26:13-72
186
187        <provider
187-->[com.google.firebase:firebase-common:16.0.1] AndroidManifest.xml:10:9-14:39
188            android:name="com.google.firebase.provider.FirebaseInitProvider"
188-->[com.google.firebase:firebase-common:16.0.1] AndroidManifest.xml:11:13-77
189            android:authorities="com.example.datvtd.chatting.firebaseinitprovider"
189-->[com.google.firebase:firebase-common:16.0.1] AndroidManifest.xml:12:13-72
190            android:exported="false"
190-->[com.google.firebase:firebase-common:16.0.1] AndroidManifest.xml:13:13-37
191            android:initOrder="100" />
191-->[com.google.firebase:firebase-common:16.0.1] AndroidManifest.xml:14:13-36
192
193        <meta-data
193-->[com.google.android.gms:play-services-basement:15.0.1] AndroidManifest.xml:23:9-25:69
194            android:name="com.google.android.gms.version"
194-->[com.google.android.gms:play-services-basement:15.0.1] AndroidManifest.xml:24:13-58
195            android:value="@integer/google_play_services_version" />
195-->[com.google.android.gms:play-services-basement:15.0.1] AndroidManifest.xml:25:13-66
196
197        <service android:name="com.sinch.android.rtc.internal.client.fcm.InstanceIDTokenService" >
197-->[:sinch-android-rtc-3.12.9] AndroidManifest.xml:12:9-16:19
197-->[:sinch-android-rtc-3.12.9] AndroidManifest.xml:12:18-97
198            <intent-filter>
198-->src\main\AndroidManifest.xml:55:13-57:29
199                <action android:name="com.google.firebase.INSTANCE_ID_EVENT" />
199-->src\main\AndroidManifest.xml:56:17-80
199-->src\main\AndroidManifest.xml:56:25-77
200            </intent-filter>
201        </service>
202        <!--
203         The initialization ContentProvider will call FacebookSdk.sdkInitialize automatically
204         with the application context. This config is merged in with the host app's manifest,
205         but there can only be one provider with the same authority activated at any given
206         point; so if the end user has two or more different apps that use Facebook SDK, only the
207         first one will be able to use the provider. To work around this problem, we use the
208         following placeholder in the authority to identify each host application as if it was
209         a completely different provider.
210        -->
211        <provider
211-->[com.facebook.android:facebook-core:4.42.0] AndroidManifest.xml:39:9-42:40
212            android:name="com.facebook.internal.FacebookInitProvider"
212-->[com.facebook.android:facebook-core:4.42.0] AndroidManifest.xml:40:13-70
213            android:authorities="com.example.datvtd.chatting.FacebookInitProvider"
213-->[com.facebook.android:facebook-core:4.42.0] AndroidManifest.xml:41:13-72
214            android:exported="false" />
214-->[com.facebook.android:facebook-core:4.42.0] AndroidManifest.xml:42:13-37
215
216        <receiver
216-->[com.facebook.android:facebook-core:4.42.0] AndroidManifest.xml:44:9-50:20
217            android:name="com.facebook.CurrentAccessTokenExpirationBroadcastReceiver"
217-->[com.facebook.android:facebook-core:4.42.0] AndroidManifest.xml:45:13-86
218            android:exported="false" >
218-->[com.facebook.android:facebook-core:4.42.0] AndroidManifest.xml:46:13-37
219            <intent-filter>
219-->[com.facebook.android:facebook-core:4.42.0] AndroidManifest.xml:47:13-49:29
220                <action android:name="com.facebook.sdk.ACTION_CURRENT_ACCESS_TOKEN_CHANGED" />
220-->[com.facebook.android:facebook-core:4.42.0] AndroidManifest.xml:48:17-95
220-->[com.facebook.android:facebook-core:4.42.0] AndroidManifest.xml:48:25-92
221            </intent-filter>
222        </receiver>
223    </application>
224
225</manifest>